[debug] [2023-06-13T07:06:15.734Z] ----------------------------------------------------------------------
[debug] [2023-06-13T07:06:15.736Z] Command:       /usr/local/bin/node /usr/local/bin/firebase init
[debug] [2023-06-13T07:06:15.736Z] CLI Version:   12.3.1
[debug] [2023-06-13T07:06:15.736Z] Platform:      darwin
[debug] [2023-06-13T07:06:15.736Z] Node Version:  v18.16.0
[debug] [2023-06-13T07:06:15.738Z] Time:          Tue Jun 13 2023 09:06:15 GMT+0200 (Central European Summer Time)
[debug] [2023-06-13T07:06:15.738Z] ----------------------------------------------------------------------
[debug] 
[debug] [2023-06-13T07:06:15.743Z] > command requires scopes: ["email","openid","https://www.googleapis.com/auth/cloudplatformprojects.readonly","https://www.googleapis.com/auth/firebase","https://www.googleapis.com/auth/cloud-platform"]
[debug] [2023-06-13T07:06:15.743Z] > authorizing via signed-in user (andrealikebardi@gmail.com)
[info] 
     ######## #### ########  ######## ########     ###     ######  ########
     ##        ##  ##     ## ##       ##     ##  ##   ##  ##       ##
     ######    ##  ########  ######   ########  #########  ######  ######
     ##        ##  ##    ##  ##       ##     ## ##     ##       ## ##
     ##       #### ##     ## ######## ########  ##     ##  ######  ########

You're about to initialize a Firebase project in this directory:

  /Users/andbardii/Desktop/PROGRAMMING/Gruppo3

[info] 
=== Project Setup
[info] 
[info] First, let's associate this project directory with a Firebase project.
[info] You can create multiple project aliases by running firebase use --add, 
[info] but for now we'll just set up a default project.
[info] 
[info] i  If you want to create a project in a Google Cloud organization or folder, please use "firebase projects:create" instead, and return to this command when you've created the project. 
